{
  "RSpec": {
    "coverage": {
      "/Users/tjkarkka/Documents/Ohjelmointi/Ruby/app/models/rating.rb": [
        1,
        1,
        1,
        1,
        null,
        null,
        1,
        20,
        null,
        null
      ],
      "/Users/tjkarkka/Documents/Ohjelmointi/Ruby/app/helpers/application_helper.rb": [
        1,
        null
      ],
      "/Users/tjkarkka/Documents/Ohjelmointi/Ruby/app/helpers/beer_clubs_helper.rb": [
        1,
        null
      ],
      "/Users/tjkarkka/Documents/Ohjelmointi/Ruby/app/helpers/beers_helper.rb": [
        1,
        null
      ],
      "/Users/tjkarkka/Documents/Ohjelmointi/Ruby/app/helpers/breweries_helper.rb": [
        1,
        null
      ],
      "/Users/tjkarkka/Documents/Ohjelmointi/Ruby/app/helpers/memberships_helper.rb": [
        1,
        null
      ],
      "/Users/tjkarkka/Documents/Ohjelmointi/Ruby/app/helpers/users_helper.rb": [
        1,
        null
      ],
      "/Users/tjkarkka/Documents/Ohjelmointi/Ruby/app/models/beer.rb": [
        1,
        1,
        1,
        1,
        1,
        1,
        1,
        null,
        null,
        null,
        null,
        null,
        1,
        6,
        null,
        null,
        1,
        0,
        0,
        null,
        null
      ],
      "/Users/tjkarkka/Documents/Ohjelmointi/Ruby/app/models/concerns/rating_average.rb": [
        1,
        1,
        null,
        1,
        24,
        null,
        null
      ],
      "/Users/tjkarkka/Documents/Ohjelmointi/Ruby/app/models/brewery.rb": [
        1,
        1,
        1,
        1,
        1,
        1,
        46,
        null,
        null,
        1,
        0,
        0,
        0,
        null,
        null,
        null,
        null,
        null,
        null,
        null,
        null,
        null,
        null,
        null,
        null,
        null,
        null,
        null,
        null,
        null,
        null,
        null,
        null,
        null,
        null,
        1,
        0,
        0,
        null,
        null
      ],
      "/Users/tjkarkka/Documents/Ohjelmointi/Ruby/app/models/user.rb": [
        1,
        1,
        1,
        1,
        null,
        1,
        1,
        null,
        1,
        1,
        1,
        1,
        null,
        1,
        7,
        null,
        null,
        null,
        6,
        null,
        null,
        null
      ],
      "/Users/tjkarkka/Documents/Ohjelmointi/Ruby/app/controllers/beers_controller.rb": [
        1,
        1,
        1,
        null,
        null,
        null,
        1,
        2,
        null,
        null,
        null,
        null,
        1,
        null,
        null,
        null,
        1,
        2,
        null,
        null,
        null,
        1,
        null,
        null,
        null,
        null,
        1,
        2,
        null,
        2,
        2,
        2,
        1,
        null,
        2,
        1,
        null,
        null,
        null,
        null,
        null,
        null,
        1,
        0,
        0,
        0,
        0,
        null,
        0,
        0,
        null,
        null,
        null,
        null,
        null,
        null,
        1,
        0,
        0,
        0,
        0,
        null,
        null,
        null,
        1,
        null,
        1,
        0,
        null,
        null,
        null,
        1,
        2,
        null,
        null,
        1,
        4,
        4,
        null,
        null,
        null
      ],
      "/Users/tjkarkka/Documents/Ohjelmointi/Ruby/app/controllers/application_controller.rb": [
        1,
        1,
        null,
        null,
        1,
        1,
        null,
        null,
        110,
        null,
        null,
        null
      ],
      "/Users/tjkarkka/Documents/Ohjelmointi/Ruby/app/controllers/breweries_controller.rb": [
        1,
        1,
        1,
        null,
        null,
        1,
        3,
        null,
        null,
        null,
        null,
        null,
        null,
        1,
        null,
        null,
        null,
        1,
        0,
        null,
        null,
        null,
        1,
        null,
        null,
        null,
        null,
        1,
        0,
        null,
        0,
        0,
        0,
        0,
        null,
        0,
        0,
        null,
        null,
        null,
        null,
        null,
        null,
        1,
        0,
        0,
        0,
        0,
        null,
        0,
        0,
        null,
        null,
        null,
        null,
        null,
        null,
        1,
        0,
        0,
        0,
        0,
        null,
        null,
        null,
        1,
        null,
        1,
        1,
        null,
        null,
        null,
        1,
        0,
        null,
        null,
        1,
        0,
        0,
        0,
        null,
        null,
        null
      ],
      "/Users/tjkarkka/Documents/Ohjelmointi/Ruby/app/controllers/sessions_controller.rb": [
        1,
        1,
        null,
        null,
        null,
        null,
        null,
        null,
        null,
        null,
        1,
        null,
        5,
        5,
        4,
        4,
        null,
        1,
        null,
        null,
        null,
        1,
        null,
        0,
        null,
        0,
        null,
        null
      ],
      "/Users/tjkarkka/Documents/Ohjelmointi/Ruby/app/controllers/users_controller.rb": [
        1,
        1,
        null,
        null,
        null,
        1,
        0,
        null,
        null,
        null,
        null,
        1,
        null,
        null,
        null,
        1,
        1,
        null,
        null,
        null,
        1,
        null,
        null,
        null,
        null,
        1,
        1,
        null,
        1,
        1,
        2,
        1,
        null,
        0,
        0,
        null,
        null,
        null,
        null,
        null,
        null,
        1,
        0,
        0,
        0,
        0,
        null,
        0,
        0,
        null,
        null,
        null,
        null,
        null,
        null,
        1,
        0,
        0,
        null,
        0,
        0,
        0,
        null,
        null,
        null,
        null,
        1,
        null,
        1,
        9,
        null,
        null,
        null,
        1,
        1,
        null,
        null
      ],
      "/Users/tjkarkka/Documents/Ohjelmointi/Ruby/app/models/membership.rb": [
        1,
        1,
        1,
        null
      ],
      "/Users/tjkarkka/Documents/Ohjelmointi/Ruby/app/models/application_record.rb": [
        1,
        1,
        null
      ],
      "/Users/tjkarkka/Documents/Ohjelmointi/Ruby/app/models/beer_club.rb": [
        1,
        1,
        1,
        1,
        0,
        null,
        null
      ],
      "/Users/tjkarkka/Documents/Ohjelmointi/Ruby/app/controllers/ratings_controller.rb": [
        1,
        1,
        1,
        null,
        1,
        1,
        1,
        null,
        null,
        null,
        null,
        1,
        1,
        1,
        1,
        1,
        1,
        1,
        null,
        0,
        0,
        null,
        null,
        0,
        0,
        null,
        null,
        null,
        1,
        1,
        1,
        1,
        null,
        null
      ],
      "/Users/tjkarkka/Documents/Ohjelmointi/Ruby/app/channels/application_cable/channel.rb": [
        0,
        0,
        0,
        0
      ],
      "/Users/tjkarkka/Documents/Ohjelmointi/Ruby/app/channels/application_cable/connection.rb": [
        0,
        0,
        0,
        0
      ],
      "/Users/tjkarkka/Documents/Ohjelmointi/Ruby/app/controllers/beer_clubs_controller.rb": [
        0,
        0,
        0,
        0,
        0,
        0,
        0,
        0,
        0,
        0,
        0,
        0,
        0,
        0,
        0,
        0,
        0,
        0,
        0,
        0,
        0,
        0,
        0,
        0,
        0,
        0,
        0,
        0,
        0,
        0,
        0,
        0,
        0,
        0,
        0,
        0,
        0,
        0,
        0,
        0,
        0,
        0,
        0,
        0,
        0,
        0,
        0,
        0,
        0,
        0,
        0,
        0,
        0,
        0,
        0,
        0,
        0,
        0,
        0,
        0,
        0,
        0,
        0,
        0,
        0,
        0,
        0,
        0,
        0,
        0,
        0,
        0,
        0,
        0
      ],
      "/Users/tjkarkka/Documents/Ohjelmointi/Ruby/app/controllers/memberships_controller.rb": [
        0,
        0,
        0,
        0,
        0,
        0,
        0,
        0,
        0,
        0,
        0,
        0,
        0,
        0,
        0,
        0,
        0,
        0,
        0,
        0,
        0,
        0,
        0,
        0,
        0,
        0,
        0,
        0,
        0,
        0,
        0,
        0,
        0,
        0,
        0,
        0,
        0,
        0,
        0,
        0,
        0,
        0,
        0,
        0,
        0,
        0,
        0,
        0,
        0,
        0,
        0,
        0,
        0,
        0,
        0,
        0,
        0,
        0,
        0,
        0,
        0,
        0,
        0,
        0,
        0,
        0,
        0,
        0,
        0,
        0,
        0,
        0,
        0,
        0,
        0,
        0,
        0,
        0,
        0,
        0,
        0,
        0,
        0,
        0,
        0,
        0,
        0
      ],
      "/Users/tjkarkka/Documents/Ohjelmointi/Ruby/app/jobs/application_job.rb": [
        0,
        0
      ],
      "/Users/tjkarkka/Documents/Ohjelmointi/Ruby/app/mailers/application_mailer.rb": [
        0,
        0,
        0,
        0
      ],
      "/Users/tjkarkka/Documents/Ohjelmointi/Ruby/lib/rating_average.rb": [
        0,
        0,
        0,
        0,
        0,
        0,
        0,
        0,
        0,
        0,
        0,
        0,
        0,
        0,
        0,
        0,
        0,
        0,
        0,
        0,
        0,
        0,
        0,
        0
      ]
    },
    "timestamp": 1486833667
  }
}
